2015/01/01 20:14:49 [error] [php] include(TbArray.php): failed to open stream: No such file or directory (E:\server\OpenServer\domains\test.loc\framework\YiiBase.php:432)
Stack trace:
#0 E:\server\OpenServer\domains\test.loc\protected\extensions\bootstrap\helpers\TbHtml.php(3567): spl_autoload_call()
#1 E:\server\OpenServer\domains\test.loc\protected\extensions\bootstrap\widgets\TbHeroUnit.php(60): heroUnit()
#2 E:\server\OpenServer\domains\test.loc\framework\web\CBaseController.php(214): TbHeroUnit->run()
#3 E:\server\OpenServer\domains\test.loc\themes\bootstrap\views\site\index.php(13): SiteController->endWidget()
#4 E:\server\OpenServer\domains\test.loc\framework\web\CBaseController.php(126): require()
#5 E:\server\OpenServer\domains\test.loc\framework\web\CBaseController.php(95): SiteController->renderInternal()
#6 E:\server\OpenServer\domains\test.loc\framework\web\CController.php(869): SiteController->renderFile()
#7 E:\server\OpenServer\domains\test.loc\framework\web\CController.php(782): SiteController->renderPartial()
#8 E:\server\OpenServer\domains\test.loc\protected\controllers\SiteController.php(32): SiteController->render()
#9 E:\server\OpenServer\domains\test.loc\framework\web\actions\CInlineAction.php(49): SiteController->actionIndex()
#10 E:\server\OpenServer\domains\test.loc\framework\web\CController.php(308): CInlineAction->runWithParams()
#11 E:\server\OpenServer\domains\test.loc\framework\web\CController.php(286): SiteController->runAction()
#12 E:\server\OpenServer\domains\test.loc\framework\web\CController.php(265): SiteController->runActionWithFilters()
#13 E:\server\OpenServer\domains\test.loc\framework\web\CWebApplication.php(282): SiteController->run()
#14 E:\server\OpenServer\domains\test.loc\framework\web\CWebApplication.php(141): CWebApplication->runController()
#15 E:\server\OpenServer\domains\test.loc\framework\base\CApplication.php(184): CWebApplication->processRequest()
#16 E:\server\OpenServer\domains\test.loc\index.php(13): CWebApplication->run()
REQUEST_URI=/index.php
in E:\server\OpenServer\domains\test.loc\protected\extensions\bootstrap\helpers\TbHtml.php (3567)
in E:\server\OpenServer\domains\test.loc\protected\extensions\bootstrap\widgets\TbHeroUnit.php (60)
in E:\server\OpenServer\domains\test.loc\themes\bootstrap\views\site\index.php (13)
2015/01/01 20:15:02 [error] [php] include(TbArray.php): failed to open stream: No such file or directory (E:\server\OpenServer\domains\test.loc\framework\YiiBase.php:432)
Stack trace:
#0 E:\server\OpenServer\domains\test.loc\protected\extensions\bootstrap\helpers\TbHtml.php(3567): spl_autoload_call()
#1 E:\server\OpenServer\domains\test.loc\protected\extensions\bootstrap\widgets\TbHeroUnit.php(60): heroUnit()
#2 E:\server\OpenServer\domains\test.loc\framework\web\CBaseController.php(214): TbHeroUnit->run()
#3 E:\server\OpenServer\domains\test.loc\themes\bootstrap\views\site\index.php(13): SiteController->endWidget()
#4 E:\server\OpenServer\domains\test.loc\framework\web\CBaseController.php(126): require()
#5 E:\server\OpenServer\domains\test.loc\framework\web\CBaseController.php(95): SiteController->renderInternal()
#6 E:\server\OpenServer\domains\test.loc\framework\web\CController.php(869): SiteController->renderFile()
#7 E:\server\OpenServer\domains\test.loc\framework\web\CController.php(782): SiteController->renderPartial()
#8 E:\server\OpenServer\domains\test.loc\protected\controllers\SiteController.php(32): SiteController->render()
#9 E:\server\OpenServer\domains\test.loc\framework\web\actions\CInlineAction.php(49): SiteController->actionIndex()
#10 E:\server\OpenServer\domains\test.loc\framework\web\CController.php(308): CInlineAction->runWithParams()
#11 E:\server\OpenServer\domains\test.loc\framework\web\CController.php(286): SiteController->runAction()
#12 E:\server\OpenServer\domains\test.loc\framework\web\CController.php(265): SiteController->runActionWithFilters()
#13 E:\server\OpenServer\domains\test.loc\framework\web\CWebApplication.php(282): SiteController->run()
#14 E:\server\OpenServer\domains\test.loc\framework\web\CWebApplication.php(141): CWebApplication->runController()
#15 E:\server\OpenServer\domains\test.loc\framework\base\CApplication.php(184): CWebApplication->processRequest()
#16 E:\server\OpenServer\domains\test.loc\index.php(13): CWebApplication->run()
REQUEST_URI=/index.php
in E:\server\OpenServer\domains\test.loc\protected\extensions\bootstrap\helpers\TbHtml.php (3567)
in E:\server\OpenServer\domains\test.loc\protected\extensions\bootstrap\widgets\TbHeroUnit.php (60)
in E:\server\OpenServer\domains\test.loc\themes\bootstrap\views\site\index.php (13)
2015/01/01 20:16:25 [error] [php] include(TbArray.php): failed to open stream: No such file or directory (E:\server\OpenServer\domains\test.loc\framework\YiiBase.php:432)
Stack trace:
#0 E:\server\OpenServer\domains\test.loc\protected\extensions\bootstrap\helpers\TbHtml.php(3567): spl_autoload_call()
#1 E:\server\OpenServer\domains\test.loc\protected\extensions\bootstrap\widgets\TbHeroUnit.php(60): heroUnit()
#2 E:\server\OpenServer\domains\test.loc\framework\web\CBaseController.php(214): TbHeroUnit->run()
#3 E:\server\OpenServer\domains\test.loc\themes\bootstrap\views\site\index.php(13): SiteController->endWidget()
#4 E:\server\OpenServer\domains\test.loc\framework\web\CBaseController.php(126): require()
#5 E:\server\OpenServer\domains\test.loc\framework\web\CBaseController.php(95): SiteController->renderInternal()
#6 E:\server\OpenServer\domains\test.loc\framework\web\CController.php(869): SiteController->renderFile()
#7 E:\server\OpenServer\domains\test.loc\framework\web\CController.php(782): SiteController->renderPartial()
#8 E:\server\OpenServer\domains\test.loc\protected\controllers\SiteController.php(32): SiteController->render()
#9 E:\server\OpenServer\domains\test.loc\framework\web\actions\CInlineAction.php(49): SiteController->actionIndex()
#10 E:\server\OpenServer\domains\test.loc\framework\web\CController.php(308): CInlineAction->runWithParams()
#11 E:\server\OpenServer\domains\test.loc\framework\web\CController.php(286): SiteController->runAction()
#12 E:\server\OpenServer\domains\test.loc\framework\web\CController.php(265): SiteController->runActionWithFilters()
#13 E:\server\OpenServer\domains\test.loc\framework\web\CWebApplication.php(282): SiteController->run()
#14 E:\server\OpenServer\domains\test.loc\framework\web\CWebApplication.php(141): CWebApplication->runController()
#15 E:\server\OpenServer\domains\test.loc\framework\base\CApplication.php(184): CWebApplication->processRequest()
#16 E:\server\OpenServer\domains\test.loc\index.php(13): CWebApplication->run()
REQUEST_URI=/index.php
in E:\server\OpenServer\domains\test.loc\protected\extensions\bootstrap\helpers\TbHtml.php (3567)
in E:\server\OpenServer\domains\test.loc\protected\extensions\bootstrap\widgets\TbHeroUnit.php (60)
in E:\server\OpenServer\domains\test.loc\themes\bootstrap\views\site\index.php (13)
2015/01/01 20:17:25 [error] [php] include(TbArray.php): failed to open stream: No such file or directory (E:\server\OpenServer\domains\test.loc\framework\YiiBase.php:432)
Stack trace:
#0 E:\server\OpenServer\domains\test.loc\protected\extensions\bootstrap\helpers\TbHtml.php(3567): spl_autoload_call()
#1 E:\server\OpenServer\domains\test.loc\protected\extensions\bootstrap\widgets\TbHeroUnit.php(60): heroUnit()
#2 E:\server\OpenServer\domains\test.loc\framework\web\CBaseController.php(214): TbHeroUnit->run()
#3 E:\server\OpenServer\domains\test.loc\themes\bootstrap\views\site\index.php(13): SiteController->endWidget()
#4 E:\server\OpenServer\domains\test.loc\framework\web\CBaseController.php(126): require()
#5 E:\server\OpenServer\domains\test.loc\framework\web\CBaseController.php(95): SiteController->renderInternal()
#6 E:\server\OpenServer\domains\test.loc\framework\web\CController.php(869): SiteController->renderFile()
#7 E:\server\OpenServer\domains\test.loc\framework\web\CController.php(782): SiteController->renderPartial()
#8 E:\server\OpenServer\domains\test.loc\protected\controllers\SiteController.php(32): SiteController->render()
#9 E:\server\OpenServer\domains\test.loc\framework\web\actions\CInlineAction.php(49): SiteController->actionIndex()
#10 E:\server\OpenServer\domains\test.loc\framework\web\CController.php(308): CInlineAction->runWithParams()
#11 E:\server\OpenServer\domains\test.loc\framework\web\CController.php(286): SiteController->runAction()
#12 E:\server\OpenServer\domains\test.loc\framework\web\CController.php(265): SiteController->runActionWithFilters()
#13 E:\server\OpenServer\domains\test.loc\framework\web\CWebApplication.php(282): SiteController->run()
#14 E:\server\OpenServer\domains\test.loc\framework\web\CWebApplication.php(141): CWebApplication->runController()
#15 E:\server\OpenServer\domains\test.loc\framework\base\CApplication.php(184): CWebApplication->processRequest()
#16 E:\server\OpenServer\domains\test.loc\index.php(13): CWebApplication->run()
REQUEST_URI=/index.php
in E:\server\OpenServer\domains\test.loc\protected\extensions\bootstrap\helpers\TbHtml.php (3567)
in E:\server\OpenServer\domains\test.loc\protected\extensions\bootstrap\widgets\TbHeroUnit.php (60)
in E:\server\OpenServer\domains\test.loc\themes\bootstrap\views\site\index.php (13)
2015/01/01 20:17:28 [error] [php] include(TbArray.php): failed to open stream: No such file or directory (E:\server\OpenServer\domains\test.loc\framework\YiiBase.php:432)
Stack trace:
#0 E:\server\OpenServer\domains\test.loc\protected\extensions\bootstrap\helpers\TbHtml.php(3567): spl_autoload_call()
#1 E:\server\OpenServer\domains\test.loc\protected\extensions\bootstrap\widgets\TbHeroUnit.php(60): heroUnit()
#2 E:\server\OpenServer\domains\test.loc\framework\web\CBaseController.php(214): TbHeroUnit->run()
#3 E:\server\OpenServer\domains\test.loc\themes\bootstrap\views\site\index.php(13): SiteController->endWidget()
#4 E:\server\OpenServer\domains\test.loc\framework\web\CBaseController.php(126): require()
#5 E:\server\OpenServer\domains\test.loc\framework\web\CBaseController.php(95): SiteController->renderInternal()
#6 E:\server\OpenServer\domains\test.loc\framework\web\CController.php(869): SiteController->renderFile()
#7 E:\server\OpenServer\domains\test.loc\framework\web\CController.php(782): SiteController->renderPartial()
#8 E:\server\OpenServer\domains\test.loc\protected\controllers\SiteController.php(32): SiteController->render()
#9 E:\server\OpenServer\domains\test.loc\framework\web\actions\CInlineAction.php(49): SiteController->actionIndex()
#10 E:\server\OpenServer\domains\test.loc\framework\web\CController.php(308): CInlineAction->runWithParams()
#11 E:\server\OpenServer\domains\test.loc\framework\web\CController.php(286): SiteController->runAction()
#12 E:\server\OpenServer\domains\test.loc\framework\web\CController.php(265): SiteController->runActionWithFilters()
#13 E:\server\OpenServer\domains\test.loc\framework\web\CWebApplication.php(282): SiteController->run()
#14 E:\server\OpenServer\domains\test.loc\framework\web\CWebApplication.php(141): CWebApplication->runController()
#15 E:\server\OpenServer\domains\test.loc\framework\base\CApplication.php(184): CWebApplication->processRequest()
#16 E:\server\OpenServer\domains\test.loc\index.php(13): CWebApplication->run()
REQUEST_URI=/index.php
in E:\server\OpenServer\domains\test.loc\protected\extensions\bootstrap\helpers\TbHtml.php (3567)
in E:\server\OpenServer\domains\test.loc\protected\extensions\bootstrap\widgets\TbHeroUnit.php (60)
in E:\server\OpenServer\domains\test.loc\themes\bootstrap\views\site\index.php (13)
2015/01/01 20:18:03 [error] [php] include(TbArray.php): failed to open stream: No such file or directory (E:\server\OpenServer\domains\test.loc\framework\YiiBase.php:432)
Stack trace:
#0 E:\server\OpenServer\domains\test.loc\protected\extensions\bootstrap\helpers\TbHtml.php(3567): spl_autoload_call()
#1 E:\server\OpenServer\domains\test.loc\protected\extensions\bootstrap\widgets\TbHeroUnit.php(60): heroUnit()
#2 E:\server\OpenServer\domains\test.loc\framework\web\CBaseController.php(214): TbHeroUnit->run()
#3 E:\server\OpenServer\domains\test.loc\themes\bootstrap\views\site\index.php(13): SiteController->endWidget()
#4 E:\server\OpenServer\domains\test.loc\framework\web\CBaseController.php(126): require()
#5 E:\server\OpenServer\domains\test.loc\framework\web\CBaseController.php(95): SiteController->renderInternal()
#6 E:\server\OpenServer\domains\test.loc\framework\web\CController.php(869): SiteController->renderFile()
#7 E:\server\OpenServer\domains\test.loc\framework\web\CController.php(782): SiteController->renderPartial()
#8 E:\server\OpenServer\domains\test.loc\protected\controllers\SiteController.php(32): SiteController->render()
#9 E:\server\OpenServer\domains\test.loc\framework\web\actions\CInlineAction.php(49): SiteController->actionIndex()
#10 E:\server\OpenServer\domains\test.loc\framework\web\CController.php(308): CInlineAction->runWithParams()
#11 E:\server\OpenServer\domains\test.loc\framework\web\CController.php(286): SiteController->runAction()
#12 E:\server\OpenServer\domains\test.loc\framework\web\CController.php(265): SiteController->runActionWithFilters()
#13 E:\server\OpenServer\domains\test.loc\framework\web\CWebApplication.php(282): SiteController->run()
#14 E:\server\OpenServer\domains\test.loc\framework\web\CWebApplication.php(141): CWebApplication->runController()
#15 E:\server\OpenServer\domains\test.loc\framework\base\CApplication.php(184): CWebApplication->processRequest()
#16 E:\server\OpenServer\domains\test.loc\index.php(13): CWebApplication->run()
REQUEST_URI=/index.php
in E:\server\OpenServer\domains\test.loc\protected\extensions\bootstrap\helpers\TbHtml.php (3567)
in E:\server\OpenServer\domains\test.loc\protected\extensions\bootstrap\widgets\TbHeroUnit.php (60)
in E:\server\OpenServer\domains\test.loc\themes\bootstrap\views\site\index.php (13)
2015/01/01 20:19:18 [error] [php] include(TbArray.php): failed to open stream: No such file or directory (E:\server\OpenServer\domains\test.loc\framework\YiiBase.php:432)
Stack trace:
#0 E:\server\OpenServer\domains\test.loc\protected\extensions\bootstrap\widgets\TbNavbar.php(75): spl_autoload_call()
#1 E:\server\OpenServer\domains\test.loc\framework\web\CBaseController.php(147): TbNavbar->init()
#2 E:\server\OpenServer\domains\test.loc\framework\web\CBaseController.php(180): SiteController->createWidget()
#3 E:\server\OpenServer\domains\test.loc\themes\bootstrap\views\layouts\main.php(30): SiteController->widget()
#4 E:\server\OpenServer\domains\test.loc\framework\web\CBaseController.php(126): require()
#5 E:\server\OpenServer\domains\test.loc\framework\web\CBaseController.php(95): SiteController->renderInternal()
#6 E:\server\OpenServer\domains\test.loc\framework\web\widgets\CContentDecorator.php(76): SiteController->renderFile()
#7 E:\server\OpenServer\domains\test.loc\framework\web\widgets\CContentDecorator.php(54): CContentDecorator->decorate()
#8 E:\server\OpenServer\domains\test.loc\framework\web\widgets\COutputProcessor.php(44): CContentDecorator->processOutput()
#9 E:\server\OpenServer\domains\test.loc\framework\web\CBaseController.php(214): CContentDecorator->run()
#10 E:\server\OpenServer\domains\test.loc\framework\web\CBaseController.php(308): SiteController->endWidget()
#11 E:\server\OpenServer\domains\test.loc\protected\views\layouts\column1.php(6): SiteController->endContent()
#12 E:\server\OpenServer\domains\test.loc\framework\web\CBaseController.php(126): require()
#13 E:\server\OpenServer\domains\test.loc\framework\web\CBaseController.php(95): SiteController->renderInternal()
#14 E:\server\OpenServer\domains\test.loc\framework\web\CController.php(784): SiteController->renderFile()
#15 E:\server\OpenServer\domains\test.loc\protected\controllers\SiteController.php(32): SiteController->render()
#16 E:\server\OpenServer\domains\test.loc\framework\web\actions\CInlineAction.php(49): SiteController->actionIndex()
#17 E:\server\OpenServer\domains\test.loc\framework\web\CController.php(308): CInlineAction->runWithParams()
#18 E:\server\OpenServer\domains\test.loc\framework\web\CController.php(286): SiteController->runAction()
#19 E:\server\OpenServer\domains\test.loc\framework\web\CController.php(265): SiteController->runActionWithFilters()
#20 E:\server\OpenServer\domains\test.loc\framework\web\CWebApplication.php(282): SiteController->run()
#21 E:\server\OpenServer\domains\test.loc\framework\web\CWebApplication.php(141): CWebApplication->runController()
#22 E:\server\OpenServer\domains\test.loc\framework\base\CApplication.php(184): CWebApplication->processRequest()
#23 E:\server\OpenServer\domains\test.loc\index.php(13): CWebApplication->run()
REQUEST_URI=/index.php
in E:\server\OpenServer\domains\test.loc\protected\extensions\bootstrap\widgets\TbNavbar.php (75)
in E:\server\OpenServer\domains\test.loc\themes\bootstrap\views\layouts\main.php (30)
in E:\server\OpenServer\domains\test.loc\protected\views\layouts\column1.php (6)
2015/01/01 20:21:07 [error] [php] include(TbArray.php): failed to open stream: No such file or directory (E:\server\OpenServer\domains\test.loc\framework\YiiBase.php:432)
Stack trace:
#0 E:\server\OpenServer\domains\test.loc\protected\extensions\bootstrap\helpers\TbHtml.php(4333): spl_autoload_call()
#1 E:\server\OpenServer\domains\test.loc\protected\extensions\bootstrap\helpers\TbHtml.php(632): addSpanClass()
#2 E:\server\OpenServer\domains\test.loc\protected\extensions\bootstrap\helpers\TbHtml.php(2404): tag()
#3 E:\server\OpenServer\domains\test.loc\protected\extensions\bootstrap\helpers\TbHtml.php(3306): link()
#4 E:\server\OpenServer\domains\test.loc\protected\extensions\bootstrap\widgets\TbNavbar.php(85): navbarBrandLink()
#5 E:\server\OpenServer\domains\test.loc\framework\web\CBaseController.php(181): TbNavbar->run()
#6 E:\server\OpenServer\domains\test.loc\themes\bootstrap\views\layouts\main.php(32): SiteController->widget()
#7 E:\server\OpenServer\domains\test.loc\framework\web\CBaseController.php(126): require()
#8 E:\server\OpenServer\domains\test.loc\framework\web\CBaseController.php(95): SiteController->renderInternal()
#9 E:\server\OpenServer\domains\test.loc\framework\web\widgets\CContentDecorator.php(76): SiteController->renderFile()
#10 E:\server\OpenServer\domains\test.loc\framework\web\widgets\CContentDecorator.php(54): CContentDecorator->decorate()
#11 E:\server\OpenServer\domains\test.loc\framework\web\widgets\COutputProcessor.php(44): CContentDecorator->processOutput()
#12 E:\server\OpenServer\domains\test.loc\framework\web\CBaseController.php(214): CContentDecorator->run()
#13 E:\server\OpenServer\domains\test.loc\framework\web\CBaseController.php(308): SiteController->endWidget()
#14 E:\server\OpenServer\domains\test.loc\protected\views\layouts\column1.php(6): SiteController->endContent()
#15 E:\server\OpenServer\domains\test.loc\framework\web\CBaseController.php(126): require()
#16 E:\server\OpenServer\domains\test.loc\framework\web\CBaseController.php(95): SiteController->renderInternal()
#17 E:\server\OpenServer\domains\test.loc\framework\web\CController.php(784): SiteController->renderFile()
#18 E:\server\OpenServer\domains\test.loc\protected\controllers\SiteController.php(32): SiteController->render()
#19 E:\server\OpenServer\domains\test.loc\framework\web\actions\CInlineAction.php(49): SiteController->actionIndex()
#20 E:\server\OpenServer\domains\test.loc\framework\web\CController.php(308): CInlineAction->runWithParams()
#21 E:\server\OpenServer\domains\test.loc\framework\web\CController.php(286): SiteController->runAction()
#22 E:\server\OpenServer\domains\test.loc\framework\web\CController.php(265): SiteController->runActionWithFilters()
#23 E:\server\OpenServer\domains\test.loc\framework\web\CWebApplication.php(282): SiteController->run()
#24 E:\server\OpenServer\domains\test.loc\framework\web\CWebApplication.php(141): CWebApplication->runController()
#25 E:\server\OpenServer\domains\test.loc\framework\base\CApplication.php(184): CWebApplication->processRequest()
#26 E:\server\OpenServer\domains\test.loc\index.php(13): CWebApplication->run()
REQUEST_URI=/index.php
in E:\server\OpenServer\domains\test.loc\protected\extensions\bootstrap\helpers\TbHtml.php (4333)
in E:\server\OpenServer\domains\test.loc\protected\extensions\bootstrap\helpers\TbHtml.php (632)
in E:\server\OpenServer\domains\test.loc\protected\extensions\bootstrap\helpers\TbHtml.php (2404)
2015/01/01 20:21:10 [error] [php] include(TbArray.php): failed to open stream: No such file or directory (E:\server\OpenServer\domains\test.loc\framework\YiiBase.php:432)
Stack trace:
#0 E:\server\OpenServer\domains\test.loc\protected\extensions\bootstrap\helpers\TbHtml.php(4333): spl_autoload_call()
#1 E:\server\OpenServer\domains\test.loc\protected\extensions\bootstrap\helpers\TbHtml.php(632): addSpanClass()
#2 E:\server\OpenServer\domains\test.loc\protected\extensions\bootstrap\helpers\TbHtml.php(2404): tag()
#3 E:\server\OpenServer\domains\test.loc\protected\extensions\bootstrap\helpers\TbHtml.php(3306): link()
#4 E:\server\OpenServer\domains\test.loc\protected\extensions\bootstrap\widgets\TbNavbar.php(85): navbarBrandLink()
#5 E:\server\OpenServer\domains\test.loc\framework\web\CBaseController.php(181): TbNavbar->run()
#6 E:\server\OpenServer\domains\test.loc\themes\bootstrap\views\layouts\main.php(32): SiteController->widget()
#7 E:\server\OpenServer\domains\test.loc\framework\web\CBaseController.php(126): require()
#8 E:\server\OpenServer\domains\test.loc\framework\web\CBaseController.php(95): SiteController->renderInternal()
#9 E:\server\OpenServer\domains\test.loc\framework\web\widgets\CContentDecorator.php(76): SiteController->renderFile()
#10 E:\server\OpenServer\domains\test.loc\framework\web\widgets\CContentDecorator.php(54): CContentDecorator->decorate()
#11 E:\server\OpenServer\domains\test.loc\framework\web\widgets\COutputProcessor.php(44): CContentDecorator->processOutput()
#12 E:\server\OpenServer\domains\test.loc\framework\web\CBaseController.php(214): CContentDecorator->run()
#13 E:\server\OpenServer\domains\test.loc\framework\web\CBaseController.php(308): SiteController->endWidget()
#14 E:\server\OpenServer\domains\test.loc\protected\views\layouts\column1.php(6): SiteController->endContent()
#15 E:\server\OpenServer\domains\test.loc\framework\web\CBaseController.php(126): require()
#16 E:\server\OpenServer\domains\test.loc\framework\web\CBaseController.php(95): SiteController->renderInternal()
#17 E:\server\OpenServer\domains\test.loc\framework\web\CController.php(784): SiteController->renderFile()
#18 E:\server\OpenServer\domains\test.loc\protected\controllers\SiteController.php(32): SiteController->render()
#19 E:\server\OpenServer\domains\test.loc\framework\web\actions\CInlineAction.php(49): SiteController->actionIndex()
#20 E:\server\OpenServer\domains\test.loc\framework\web\CController.php(308): CInlineAction->runWithParams()
#21 E:\server\OpenServer\domains\test.loc\framework\web\CController.php(286): SiteController->runAction()
#22 E:\server\OpenServer\domains\test.loc\framework\web\CController.php(265): SiteController->runActionWithFilters()
#23 E:\server\OpenServer\domains\test.loc\framework\web\CWebApplication.php(282): SiteController->run()
#24 E:\server\OpenServer\domains\test.loc\framework\web\CWebApplication.php(141): CWebApplication->runController()
#25 E:\server\OpenServer\domains\test.loc\framework\base\CApplication.php(184): CWebApplication->processRequest()
#26 E:\server\OpenServer\domains\test.loc\index.php(13): CWebApplication->run()
REQUEST_URI=/index.php
in E:\server\OpenServer\domains\test.loc\protected\extensions\bootstrap\helpers\TbHtml.php (4333)
in E:\server\OpenServer\domains\test.loc\protected\extensions\bootstrap\helpers\TbHtml.php (632)
in E:\server\OpenServer\domains\test.loc\protected\extensions\bootstrap\helpers\TbHtml.php (2404)
2015/01/01 20:23:36 [error] [exception.CException] exception 'CException' with message 'Alias "bootstrap.widgets.TbMenu" is invalid. Make sure it points to an existing PHP file and the file is readable.' in E:\server\OpenServer\domains\test.loc\framework\YiiBase.php:323
Stack trace:
#0 E:\server\OpenServer\domains\test.loc\framework\web\CWidgetFactory.php(146): YiiBase::import('bootstrap.widge...', true)
#1 E:\server\OpenServer\domains\test.loc\framework\web\CBaseController.php(146): CWidgetFactory->createWidget(Object(SiteController), 'bootstrap.widge...', Array)
#2 E:\server\OpenServer\domains\test.loc\framework\web\CBaseController.php(180): CBaseController->createWidget('bootstrap.widge...', Array)
#3 E:\server\OpenServer\domains\test.loc\themes\bootstrap\views\layouts\column2.php(18): CBaseController->widget('bootstrap.widge...', Array)
#4 E:\server\OpenServer\domains\test.loc\framework\web\CBaseController.php(126): require('E:\\server\\OpenS...')
#5 E:\server\OpenServer\domains\test.loc\framework\web\CBaseController.php(95): CBaseController->renderInternal('E:\\server\\OpenS...', Array, true)
#6 E:\server\OpenServer\domains\test.loc\framework\web\CController.php(784): CBaseController->renderFile('E:\\server\\OpenS...', Array, true)
#7 E:\server\OpenServer\domains\test.loc\protected\controllers\SiteController.php(35): CController->render('index')
#8 E:\server\OpenServer\domains\test.loc\framework\web\actions\CInlineAction.php(49): SiteController->actionIndex()
#9 E:\server\OpenServer\domains\test.loc\framework\web\CController.php(308): CInlineAction->runWithParams(Array)
#10 E:\server\OpenServer\domains\test.loc\framework\web\CController.php(286): CController->runAction(Object(CInlineAction))
#11 E:\server\OpenServer\domains\test.loc\framework\web\CController.php(265): CController->runActionWithFilters(Object(CInlineAction), Array)
#12 E:\server\OpenServer\domains\test.loc\framework\web\CWebApplication.php(282): CController->run('')
#13 E:\server\OpenServer\domains\test.loc\framework\web\CWebApplication.php(141): CWebApplication->runController('')
#14 E:\server\OpenServer\domains\test.loc\framework\base\CApplication.php(184): CWebApplication->processRequest()
#15 E:\server\OpenServer\domains\test.loc\index.php(13): CApplication->run()
#16 {main}
REQUEST_URI=/index.php
HTTP_REFERER=http://test.loc/index.php
---
2015/01/01 20:24:24 [error] [php] include(TbWidget.php): failed to open stream: No such file or directory (E:\server\OpenServer\domains\test.loc\framework\YiiBase.php:432)
Stack trace:
#0 E:\server\OpenServer\domains\test.loc\protected\extensions\bootstrap\widgets\TbNav.php(65): spl_autoload_call()
#1 E:\server\OpenServer\domains\test.loc\framework\web\CBaseController.php(147): TbNav->init()
#2 E:\server\OpenServer\domains\test.loc\framework\web\CBaseController.php(180): SiteController->createWidget()
#3 E:\server\OpenServer\domains\test.loc\themes\bootstrap\views\layouts\column2.php(18): SiteController->widget()
#4 E:\server\OpenServer\domains\test.loc\framework\web\CBaseController.php(126): require()
#5 E:\server\OpenServer\domains\test.loc\framework\web\CBaseController.php(95): SiteController->renderInternal()
#6 E:\server\OpenServer\domains\test.loc\framework\web\CController.php(784): SiteController->renderFile()
#7 E:\server\OpenServer\domains\test.loc\protected\controllers\SiteController.php(35): SiteController->render()
#8 E:\server\OpenServer\domains\test.loc\framework\web\actions\CInlineAction.php(49): SiteController->actionIndex()
#9 E:\server\OpenServer\domains\test.loc\framework\web\CController.php(308): CInlineAction->runWithParams()
#10 E:\server\OpenServer\domains\test.loc\framework\web\CController.php(286): SiteController->runAction()
#11 E:\server\OpenServer\domains\test.loc\framework\web\CController.php(265): SiteController->runActionWithFilters()
#12 E:\server\OpenServer\domains\test.loc\framework\web\CWebApplication.php(282): SiteController->run()
#13 E:\server\OpenServer\domains\test.loc\framework\web\CWebApplication.php(141): CWebApplication->runController()
#14 E:\server\OpenServer\domains\test.loc\framework\base\CApplication.php(184): CWebApplication->processRequest()
#15 E:\server\OpenServer\domains\test.loc\index.php(13): CWebApplication->run()
REQUEST_URI=/index.php
in E:\server\OpenServer\domains\test.loc\protected\extensions\bootstrap\widgets\TbNav.php (65)
in E:\server\OpenServer\domains\test.loc\themes\bootstrap\views\layouts\column2.php (18)
in E:\server\OpenServer\domains\test.loc\protected\controllers\SiteController.php (35)
2015/01/01 20:24:26 [error] [php] include(TbWidget.php): failed to open stream: No such file or directory (E:\server\OpenServer\domains\test.loc\framework\YiiBase.php:432)
Stack trace:
#0 E:\server\OpenServer\domains\test.loc\protected\extensions\bootstrap\widgets\TbNav.php(65): spl_autoload_call()
#1 E:\server\OpenServer\domains\test.loc\framework\web\CBaseController.php(147): TbNav->init()
#2 E:\server\OpenServer\domains\test.loc\framework\web\CBaseController.php(180): SiteController->createWidget()
#3 E:\server\OpenServer\domains\test.loc\themes\bootstrap\views\layouts\column2.php(18): SiteController->widget()
#4 E:\server\OpenServer\domains\test.loc\framework\web\CBaseController.php(126): require()
#5 E:\server\OpenServer\domains\test.loc\framework\web\CBaseController.php(95): SiteController->renderInternal()
#6 E:\server\OpenServer\domains\test.loc\framework\web\CController.php(784): SiteController->renderFile()
#7 E:\server\OpenServer\domains\test.loc\protected\controllers\SiteController.php(35): SiteController->render()
#8 E:\server\OpenServer\domains\test.loc\framework\web\actions\CInlineAction.php(49): SiteController->actionIndex()
#9 E:\server\OpenServer\domains\test.loc\framework\web\CController.php(308): CInlineAction->runWithParams()
#10 E:\server\OpenServer\domains\test.loc\framework\web\CController.php(286): SiteController->runAction()
#11 E:\server\OpenServer\domains\test.loc\framework\web\CController.php(265): SiteController->runActionWithFilters()
#12 E:\server\OpenServer\domains\test.loc\framework\web\CWebApplication.php(282): SiteController->run()
#13 E:\server\OpenServer\domains\test.loc\framework\web\CWebApplication.php(141): CWebApplication->runController()
#14 E:\server\OpenServer\domains\test.loc\framework\base\CApplication.php(184): CWebApplication->processRequest()
#15 E:\server\OpenServer\domains\test.loc\index.php(13): CWebApplication->run()
REQUEST_URI=/index.php
in E:\server\OpenServer\domains\test.loc\protected\extensions\bootstrap\widgets\TbNav.php (65)
in E:\server\OpenServer\domains\test.loc\themes\bootstrap\views\layouts\column2.php (18)
in E:\server\OpenServer\domains\test.loc\protected\controllers\SiteController.php (35)
2015/01/01 20:30:02 [error] [exception.CException] exception 'CException' with message 'Alias "bootstrap.components.TbApi" is invalid. Make sure it points to an existing PHP file and the file is readable.' in E:\server\OpenServer\domains\test.loc\framework\YiiBase.php:323
Stack trace:
#0 E:\server\OpenServer\domains\test.loc\framework\YiiBase.php(196): YiiBase::import('bootstrap.compo...', true)
#1 E:\server\OpenServer\domains\test.loc\framework\base\CModule.php(393): YiiBase::createComponent(Array)
#2 E:\server\OpenServer\domains\test.loc\framework\base\CModule.php(103): CModule->getComponent('bootstrap')
#3 E:\server\OpenServer\domains\test.loc\themes\bootstrap\views\layouts\main.php(12): CModule->__get('bootstrap')
#4 E:\server\OpenServer\domains\test.loc\framework\web\CBaseController.php(126): require('E:\\server\\OpenS...')
#5 E:\server\OpenServer\domains\test.loc\framework\web\CBaseController.php(95): CBaseController->renderInternal('E:\\server\\OpenS...', Array, true)
#6 E:\server\OpenServer\domains\test.loc\framework\web\widgets\CContentDecorator.php(76): CBaseController->renderFile('E:\\server\\OpenS...', Array, true)
#7 E:\server\OpenServer\domains\test.loc\framework\web\widgets\CContentDecorator.php(54): CContentDecorator->decorate('<div class="row...')
#8 E:\server\OpenServer\domains\test.loc\framework\web\widgets\COutputProcessor.php(44): CContentDecorator->processOutput('<div class="row...')
#9 E:\server\OpenServer\domains\test.loc\framework\web\CBaseController.php(214): COutputProcessor->run()
#10 E:\server\OpenServer\domains\test.loc\framework\web\CBaseController.php(308): CBaseController->endWidget('CContentDecorat...')
#11 E:\server\OpenServer\domains\test.loc\themes\bootstrap\views\layouts\column2.php(24): CBaseController->endContent()
#12 E:\server\OpenServer\domains\test.loc\framework\web\CBaseController.php(126): require('E:\\server\\OpenS...')
#13 E:\server\OpenServer\domains\test.loc\framework\web\CBaseController.php(95): CBaseController->renderInternal('E:\\server\\OpenS...', Array, true)
#14 E:\server\OpenServer\domains\test.loc\framework\web\CController.php(784): CBaseController->renderFile('E:\\server\\OpenS...', Array, true)
#15 E:\server\OpenServer\domains\test.loc\protected\controllers\SiteController.php(35): CController->render('index')
#16 E:\server\OpenServer\domains\test.loc\framework\web\actions\CInlineAction.php(49): SiteController->actionIndex()
#17 E:\server\OpenServer\domains\test.loc\framework\web\CController.php(308): CInlineAction->runWithParams(Array)
#18 E:\server\OpenServer\domains\test.loc\framework\web\CController.php(286): CController->runAction(Object(CInlineAction))
#19 E:\server\OpenServer\domains\test.loc\framework\web\CController.php(265): CController->runActionWithFilters(Object(CInlineAction), Array)
#20 E:\server\OpenServer\domains\test.loc\framework\web\CWebApplication.php(282): CController->run('')
#21 E:\server\OpenServer\domains\test.loc\framework\web\CWebApplication.php(141): CWebApplication->runController('')
#22 E:\server\OpenServer\domains\test.loc\framework\base\CApplication.php(184): CWebApplication->processRequest()
#23 E:\server\OpenServer\domains\test.loc\index.php(13): CApplication->run()
#24 {main}
REQUEST_URI=/index.php
HTTP_REFERER=http://test.loc/index.php
---
